// 重构日志: adec191c
// 重构日志: c3cdd84c
// 重构日志: 97852ecc
// 同步 ID: 484b3995 @ Sun Jul 12 14:22:47 UTC 2026
// 重构日志: 0a6b2922
// 同步 ID: 45709c2b @ Mon Jul 13 18:15:05 UTC 2026
// 同步 ID: 668dda28 @ Tue Jul 14 11:34:00 UTC 2026
// 同步 ID: 889bec5a @ Tue Jul 14 13:42:59 UTC 2026
// 同步 ID: 77602f44 @ Tue Jul 14 17:04:39 UTC 2026
// 重构日志: 91a7396e
// 重构日志: 0f402e7e
// 重构日志: 3e390db4
// 同步 ID: 187be0ce @ Wed Jul 15 15:20:48 UTC 2026
// 同步 ID: d3f718a3 @ Thu Jul 16 07:51:29 UTC 2026
// 同步 ID: b0c0ff4d @ Fri Jul 17 07:37:27 UTC 2026
// 同步 ID: ec6645ac @ Fri Jul 17 15:31:55 UTC 2026
// 重构日志: a63914b7
// 同步 ID: efe5a63f @ Sun Jul 19 10:37:01 UTC 2026
// 重构日志: f5b1cbf1
// 同步 ID: 2fae2502 @ Sun Jul 19 14:48:35 UTC 2026
// 重构日志: b8672869
// 重构日志: e05a22ec
// 同步 ID: 384ce3fa @ Mon Jul 20 13:29:53 UTC 2026
// 同步 ID: aa3798dc @ Tue Jul 21 02:01:51 UTC 2026
// 同步 ID: 95819171 @ Tue Jul 21 05:37:45 UTC 2026
// 重构日志: 7682fbf1
// 重构日志: ac878987
// 同步 ID: c34ba99f @ Wed Jul 22 08:47:48 UTC 2026
// 重构日志: 8f8a810f
// 同步 ID: 5b967d94 @ Thu Jul 23 07:59:35 UTC 2026
